{"brain_root": "C:\\projects\\knowiki-v1\\.brain", "event": "artifact_builder.started", "level": "info", "timestamp": "2026-06-21T14:19:58.551998Z"}
{"path": "C:\\projects\\knowiki-v1\\.brain", "event": "artifact_builder.mkdir", "level": "debug", "timestamp": "2026-06-21T14:19:58.552845Z"}
{"path": "C:\\projects\\knowiki-v1\\.brain\\structure", "event": "artifact_builder.mkdir", "level": "debug", "timestamp": "2026-06-21T14:19:58.553602Z"}
{"path": "C:\\projects\\knowiki-v1\\.brain\\structure\\snapshots", "event": "artifact_builder.mkdir", "level": "debug", "timestamp": "2026-06-21T14:19:58.554287Z"}
{"path": "C:\\projects\\knowiki-v1\\.brain\\reports", "event": "artifact_builder.mkdir", "level": "debug", "timestamp": "2026-06-21T14:19:58.555002Z"}
{"path": "C:\\projects\\knowiki-v1\\.brain\\logs", "event": "artifact_builder.mkdir", "level": "debug", "timestamp": "2026-06-21T14:19:58.559423Z"}
{"path": "C:\\projects\\knowiki-v1\\.brain\\knowledge", "event": "artifact_builder.mkdir", "level": "debug", "timestamp": "2026-06-21T14:19:58.560589Z"}
{"path": "C:\\projects\\knowiki-v1\\.brain\\knowledge\\architecture", "event": "artifact_builder.mkdir", "level": "debug", "timestamp": "2026-06-21T14:19:58.561713Z"}
{"path": "C:\\projects\\knowiki-v1\\.brain\\knowledge\\decisions", "event": "artifact_builder.mkdir", "level": "debug", "timestamp": "2026-06-21T14:19:58.562656Z"}
{"path": "C:\\projects\\knowiki-v1\\.brain\\knowledge\\constraints", "event": "artifact_builder.mkdir", "level": "debug", "timestamp": "2026-06-21T14:19:58.563938Z"}
{"path": "C:\\projects\\knowiki-v1\\.brain\\knowledge\\conventions", "event": "artifact_builder.mkdir", "level": "debug", "timestamp": "2026-06-21T14:19:58.564857Z"}
{"path": "C:\\projects\\knowiki-v1\\.brain\\knowledge\\components", "event": "artifact_builder.mkdir", "level": "debug", "timestamp": "2026-06-21T14:19:58.566216Z"}
{"path": "C:\\projects\\knowiki-v1\\.agent", "event": "artifact_builder.mkdir", "level": "debug", "timestamp": "2026-06-21T14:19:58.567063Z"}
{"path": "C:\\projects\\knowiki-v1\\.agent\\skills", "event": "artifact_builder.mkdir", "level": "debug", "timestamp": "2026-06-21T14:19:58.568258Z"}
{"path": "C:\\projects\\knowiki-v1\\.agent\\workflows", "event": "artifact_builder.mkdir", "level": "debug", "timestamp": "2026-06-21T14:19:58.569566Z"}
{"path": "C:\\projects\\knowiki-v1\\.agent\\memory", "event": "artifact_builder.mkdir", "level": "debug", "timestamp": "2026-06-21T14:19:58.570399Z"}
{"path": "C:\\projects\\knowiki-v1\\.agent\\skills\\system", "event": "artifact_builder.mkdir", "level": "debug", "timestamp": "2026-06-21T14:19:58.572240Z"}
{"file": "C:\\projects\\knowiki-v1\\.agent\\BRAIN.md", "event": "artifact_builder.render", "level": "debug", "timestamp": "2026-06-21T14:19:58.578520Z"}
{"file": "C:\\projects\\knowiki-v1\\.brain\\knowledge\\knowledge-maintenance.md", "event": "artifact_builder.render", "level": "debug", "timestamp": "2026-06-21T14:19:58.581329Z"}
{"file": "C:\\projects\\knowiki-v1\\.agent\\skills\\example-skill.md", "event": "artifact_builder.render", "level": "debug", "timestamp": "2026-06-21T14:19:58.583712Z"}
{"file": "C:\\projects\\knowiki-v1\\.agent\\workflows\\example-workflow.md", "event": "artifact_builder.render", "level": "debug", "timestamp": "2026-06-21T14:19:58.585862Z"}
{"file": "C:\\projects\\knowiki-v1\\.brain\\knowledge\\architecture\\architecture.md", "event": "artifact_builder.render", "level": "debug", "timestamp": "2026-06-21T14:19:58.587520Z"}
{"file": "C:\\projects\\knowiki-v1\\.brain\\knowledge\\decisions\\decisions.md", "event": "artifact_builder.render", "level": "debug", "timestamp": "2026-06-21T14:19:58.589002Z"}
{"file": "C:\\projects\\knowiki-v1\\.brain\\knowledge\\constraints\\constraints.md", "event": "artifact_builder.render", "level": "debug", "timestamp": "2026-06-21T14:19:58.590366Z"}
{"file": "C:\\projects\\knowiki-v1\\.brain\\knowledge\\conventions\\conventions.md", "event": "artifact_builder.render", "level": "debug", "timestamp": "2026-06-21T14:19:58.591441Z"}
{"file": "C:\\projects\\knowiki-v1\\.brain\\knowledge\\components\\components.md", "event": "artifact_builder.render", "level": "debug", "timestamp": "2026-06-21T14:19:58.592992Z"}
{"file": "C:\\projects\\knowiki-v1\\.agent\\memory\\active_context.md", "event": "artifact_builder.render", "level": "debug", "timestamp": "2026-06-21T14:19:58.595483Z"}
{"file": "C:\\projects\\knowiki-v1\\.agent\\skills\\system\\context_tracker.md", "event": "artifact_builder.render", "level": "debug", "timestamp": "2026-06-21T14:19:58.598175Z"}
{"event": "artifact_builder.complete", "level": "info", "timestamp": "2026-06-21T14:19:58.598306Z"}
{"event": "engine.initialize.started", "level": "info", "timestamp": "2026-06-21T14:19:58.599151Z"}
{"repo_root": "C:\\projects\\knowiki-v1", "event": "parser.started", "level": "info", "timestamp": "2026-06-21T14:19:58.599267Z"}
{"files_found": 57, "languages": {"JAVASCRIPT": 1, "PYTHON": 56}, "event": "parser.discovery_complete", "level": "info", "timestamp": "2026-06-21T14:19:58.611726Z"}
{"entities": 175, "relationships": 579, "resolved_calls": 225, "event": "parser.complete", "level": "info", "timestamp": "2026-06-21T14:19:58.711714Z"}
{"file": "C:\\projects\\knowiki-v1\\.brain\\state.yaml", "structural_revision": "S-001", "event": "state_manager.initialized", "level": "info", "timestamp": "2026-06-21T14:19:58.727779Z"}
{"revision": "S-001", "event": "engine.initialize.complete", "level": "info", "timestamp": "2026-06-21T14:19:58.727893Z"}
{"revision": "S-001", "event": "state_manager.loaded", "level": "debug", "timestamp": "2026-06-21T14:20:18.265924Z"}
{"repo_root": "C:\\projects\\knowiki-v1\\tmpmhzdvavy", "event": "parser.started", "level": "info", "timestamp": "2026-06-21T14:55:13.962473Z"}
{"files_found": 1, "languages": {"PYTHON": 1}, "event": "parser.discovery_complete", "level": "info", "timestamp": "2026-06-21T14:55:13.962903Z"}
{"entities": 2, "relationships": 1, "resolved_calls": 0, "event": "parser.complete", "level": "info", "timestamp": "2026-06-21T14:55:13.989068Z"}
{"repo_root": "C:\\projects\\knowiki-v1\\tmpmes51_a9", "event": "parser.started", "level": "info", "timestamp": "2026-06-21T14:55:13.995212Z"}
{"files_found": 3, "languages": {"JAVASCRIPT": 1, "TYPESCRIPT": 1, "PYTHON": 1}, "event": "parser.discovery_complete", "level": "info", "timestamp": "2026-06-21T14:55:13.995674Z"}
{"entities": 12, "relationships": 19, "resolved_calls": 4, "event": "parser.complete", "level": "info", "timestamp": "2026-06-21T14:55:14.069538Z"}
{"brain_root": "C:\\projects\\knowiki-v1\\tmp79ogbsif\\.brain", "event": "artifact_builder.started", "level": "info", "timestamp": "2026-06-21T14:55:14.075833Z"}
{"path": "C:\\projects\\knowiki-v1\\tmp79ogbsif\\.brain", "event": "artifact_builder.mkdir", "level": "debug", "timestamp": "2026-06-21T14:55:14.076199Z"}
{"path": "C:\\projects\\knowiki-v1\\tmp79ogbsif\\.brain\\structure", "event": "artifact_builder.mkdir", "level": "debug", "timestamp": "2026-06-21T14:55:14.076617Z"}
{"path": "C:\\projects\\knowiki-v1\\tmp79ogbsif\\.brain\\structure\\snapshots", "event": "artifact_builder.mkdir", "level": "debug", "timestamp": "2026-06-21T14:55:14.076982Z"}
{"path": "C:\\projects\\knowiki-v1\\tmp79ogbsif\\.brain\\reports", "event": "artifact_builder.mkdir", "level": "debug", "timestamp": "2026-06-21T14:55:14.077452Z"}
{"path": "C:\\projects\\knowiki-v1\\tmp79ogbsif\\.brain\\logs", "event": "artifact_builder.mkdir", "level": "debug", "timestamp": "2026-06-21T14:55:14.077968Z"}
{"path": "C:\\projects\\knowiki-v1\\tmp79ogbsif\\.brain\\knowledge", "event": "artifact_builder.mkdir", "level": "debug", "timestamp": "2026-06-21T14:55:14.078502Z"}
{"path": "C:\\projects\\knowiki-v1\\tmp79ogbsif\\.brain\\knowledge\\architecture", "event": "artifact_builder.mkdir", "level": "debug", "timestamp": "2026-06-21T14:55:14.079016Z"}
{"path": "C:\\projects\\knowiki-v1\\tmp79ogbsif\\.brain\\knowledge\\decisions", "event": "artifact_builder.mkdir", "level": "debug", "timestamp": "2026-06-21T14:55:14.079586Z"}
{"path": "C:\\projects\\knowiki-v1\\tmp79ogbsif\\.brain\\knowledge\\constraints", "event": "artifact_builder.mkdir", "level": "debug", "timestamp": "2026-06-21T14:55:14.080131Z"}
{"path": "C:\\projects\\knowiki-v1\\tmp79ogbsif\\.brain\\knowledge\\conventions", "event": "artifact_builder.mkdir", "level": "debug", "timestamp": "2026-06-21T14:55:14.080791Z"}
{"path": "C:\\projects\\knowiki-v1\\tmp79ogbsif\\.brain\\knowledge\\components", "event": "artifact_builder.mkdir", "level": "debug", "timestamp": "2026-06-21T14:55:14.082257Z"}
{"path": "C:\\projects\\knowiki-v1\\tmp79ogbsif\\.agent", "event": "artifact_builder.mkdir", "level": "debug", "timestamp": "2026-06-21T14:55:14.083659Z"}
{"path": "C:\\projects\\knowiki-v1\\tmp79ogbsif\\.agent\\skills", "event": "artifact_builder.mkdir", "level": "debug", "timestamp": "2026-06-21T14:55:14.084993Z"}
{"path": "C:\\projects\\knowiki-v1\\tmp79ogbsif\\.agent\\workflows", "event": "artifact_builder.mkdir", "level": "debug", "timestamp": "2026-06-21T14:55:14.086018Z"}
{"path": "C:\\projects\\knowiki-v1\\tmp79ogbsif\\.agent\\memory", "event": "artifact_builder.mkdir", "level": "debug", "timestamp": "2026-06-21T14:55:14.086904Z"}
{"path": "C:\\projects\\knowiki-v1\\tmp79ogbsif\\.agent\\skills\\system", "event": "artifact_builder.mkdir", "level": "debug", "timestamp": "2026-06-21T14:55:14.087486Z"}
{"file": "C:\\projects\\knowiki-v1\\tmp79ogbsif\\.agent\\BRAIN.md", "event": "artifact_builder.render", "level": "debug", "timestamp": "2026-06-21T14:55:14.091125Z"}
{"file": "C:\\projects\\knowiki-v1\\tmp79ogbsif\\.brain\\knowledge\\knowledge-maintenance.md", "event": "artifact_builder.render", "level": "debug", "timestamp": "2026-06-21T14:55:14.092694Z"}
{"file": "C:\\projects\\knowiki-v1\\tmp79ogbsif\\.agent\\skills\\example-skill.md", "event": "artifact_builder.render", "level": "debug", "timestamp": "2026-06-21T14:55:14.093808Z"}
{"file": "C:\\projects\\knowiki-v1\\tmp79ogbsif\\.agent\\workflows\\example-workflow.md", "event": "artifact_builder.render", "level": "debug", "timestamp": "2026-06-21T14:55:14.094886Z"}
{"file": "C:\\projects\\knowiki-v1\\tmp79ogbsif\\.brain\\knowledge\\architecture\\architecture.md", "event": "artifact_builder.render", "level": "debug", "timestamp": "2026-06-21T14:55:14.095363Z"}
{"file": "C:\\projects\\knowiki-v1\\tmp79ogbsif\\.brain\\knowledge\\decisions\\decisions.md", "event": "artifact_builder.render", "level": "debug", "timestamp": "2026-06-21T14:55:14.095958Z"}
{"file": "C:\\projects\\knowiki-v1\\tmp79ogbsif\\.brain\\knowledge\\constraints\\constraints.md", "event": "artifact_builder.render", "level": "debug", "timestamp": "2026-06-21T14:55:14.096429Z"}
{"file": "C:\\projects\\knowiki-v1\\tmp79ogbsif\\.brain\\knowledge\\conventions\\conventions.md", "event": "artifact_builder.render", "level": "debug", "timestamp": "2026-06-21T14:55:14.097089Z"}
{"file": "C:\\projects\\knowiki-v1\\tmp79ogbsif\\.brain\\knowledge\\components\\components.md", "event": "artifact_builder.render", "level": "debug", "timestamp": "2026-06-21T14:55:14.099042Z"}
{"file": "C:\\projects\\knowiki-v1\\tmp79ogbsif\\.agent\\memory\\active_context.md", "event": "artifact_builder.render", "level": "debug", "timestamp": "2026-06-21T14:55:14.102259Z"}
{"file": "C:\\projects\\knowiki-v1\\tmp79ogbsif\\.agent\\skills\\system\\context_tracker.md", "event": "artifact_builder.render", "level": "debug", "timestamp": "2026-06-21T14:55:14.103814Z"}
{"event": "artifact_builder.complete", "level": "info", "timestamp": "2026-06-21T14:55:14.103876Z"}
{"file": "C:\\projects\\knowiki-v1\\tmpwakdl1vt\\.brain\\state.yaml", "structural_revision": "S-001", "event": "state_manager.initialized", "level": "info", "timestamp": "2026-06-21T14:55:14.180231Z"}
{"revision": "S-001", "event": "state_manager.loaded", "level": "debug", "timestamp": "2026-06-21T14:55:14.228964Z"}
{"file": "C:\\projects\\knowiki-v1\\tmpwakdl1vt\\.brain\\state.yaml", "revision": "S-002", "event": "state_manager.updated", "level": "info", "timestamp": "2026-06-21T14:55:14.233264Z"}
{"brain_root": "C:\\projects\\knowiki-v1\\tmp5zrc8ha2\\.brain", "event": "artifact_builder.started", "level": "info", "timestamp": "2026-06-21T14:55:14.334510Z"}
{"path": "C:\\projects\\knowiki-v1\\tmp5zrc8ha2\\.brain", "event": "artifact_builder.mkdir", "level": "debug", "timestamp": "2026-06-21T14:55:14.335228Z"}
{"path": "C:\\projects\\knowiki-v1\\tmp5zrc8ha2\\.brain\\structure", "event": "artifact_builder.mkdir", "level": "debug", "timestamp": "2026-06-21T14:55:14.335825Z"}
{"path": "C:\\projects\\knowiki-v1\\tmp5zrc8ha2\\.brain\\structure\\snapshots", "event": "artifact_builder.mkdir", "level": "debug", "timestamp": "2026-06-21T14:55:14.336355Z"}
{"path": "C:\\projects\\knowiki-v1\\tmp5zrc8ha2\\.brain\\reports", "event": "artifact_builder.mkdir", "level": "debug", "timestamp": "2026-06-21T14:55:14.336866Z"}
{"path": "C:\\projects\\knowiki-v1\\tmp5zrc8ha2\\.brain\\logs", "event": "artifact_builder.mkdir", "level": "debug", "timestamp": "2026-06-21T14:55:14.337343Z"}
{"path": "C:\\projects\\knowiki-v1\\tmp5zrc8ha2\\.brain\\knowledge", "event": "artifact_builder.mkdir", "level": "debug", "timestamp": "2026-06-21T14:55:14.338139Z"}
{"path": "C:\\projects\\knowiki-v1\\tmp5zrc8ha2\\.brain\\knowledge\\architecture", "event": "artifact_builder.mkdir", "level": "debug", "timestamp": "2026-06-21T14:55:14.338692Z"}
{"path": "C:\\projects\\knowiki-v1\\tmp5zrc8ha2\\.brain\\knowledge\\decisions", "event": "artifact_builder.mkdir", "level": "debug", "timestamp": "2026-06-21T14:55:14.339197Z"}
{"path": "C:\\projects\\knowiki-v1\\tmp5zrc8ha2\\.brain\\knowledge\\constraints", "event": "artifact_builder.mkdir", "level": "debug", "timestamp": "2026-06-21T14:55:14.339849Z"}
{"path": "C:\\projects\\knowiki-v1\\tmp5zrc8ha2\\.brain\\knowledge\\conventions", "event": "artifact_builder.mkdir", "level": "debug", "timestamp": "2026-06-21T14:55:14.340342Z"}
{"path": "C:\\projects\\knowiki-v1\\tmp5zrc8ha2\\.brain\\knowledge\\components", "event": "artifact_builder.mkdir", "level": "debug", "timestamp": "2026-06-21T14:55:14.340775Z"}
{"path": "C:\\projects\\knowiki-v1\\tmp5zrc8ha2\\.agent", "event": "artifact_builder.mkdir", "level": "debug", "timestamp": "2026-06-21T14:55:14.341434Z"}
{"path": "C:\\projects\\knowiki-v1\\tmp5zrc8ha2\\.agent\\skills", "event": "artifact_builder.mkdir", "level": "debug", "timestamp": "2026-06-21T14:55:14.341964Z"}
{"path": "C:\\projects\\knowiki-v1\\tmp5zrc8ha2\\.agent\\workflows", "event": "artifact_builder.mkdir", "level": "debug", "timestamp": "2026-06-21T14:55:14.342405Z"}
{"path": "C:\\projects\\knowiki-v1\\tmp5zrc8ha2\\.agent\\memory", "event": "artifact_builder.mkdir", "level": "debug", "timestamp": "2026-06-21T14:55:14.342719Z"}
{"path": "C:\\projects\\knowiki-v1\\tmp5zrc8ha2\\.agent\\skills\\system", "event": "artifact_builder.mkdir", "level": "debug", "timestamp": "2026-06-21T14:55:14.343112Z"}
{"file": "C:\\projects\\knowiki-v1\\tmp5zrc8ha2\\.agent\\BRAIN.md", "event": "artifact_builder.render", "level": "debug", "timestamp": "2026-06-21T14:55:14.344959Z"}
{"file": "C:\\projects\\knowiki-v1\\tmp5zrc8ha2\\.brain\\knowledge\\knowledge-maintenance.md", "event": "artifact_builder.render", "level": "debug", "timestamp": "2026-06-21T14:55:14.346217Z"}
{"file": "C:\\projects\\knowiki-v1\\tmp5zrc8ha2\\.agent\\skills\\example-skill.md", "event": "artifact_builder.render", "level": "debug", "timestamp": "2026-06-21T14:55:14.347625Z"}
{"file": "C:\\projects\\knowiki-v1\\tmp5zrc8ha2\\.agent\\workflows\\example-workflow.md", "event": "artifact_builder.render", "level": "debug", "timestamp": "2026-06-21T14:55:14.350307Z"}
{"file": "C:\\projects\\knowiki-v1\\tmp5zrc8ha2\\.brain\\knowledge\\architecture\\architecture.md", "event": "artifact_builder.render", "level": "debug", "timestamp": "2026-06-21T14:55:14.351048Z"}
{"file": "C:\\projects\\knowiki-v1\\tmp5zrc8ha2\\.brain\\knowledge\\decisions\\decisions.md", "event": "artifact_builder.render", "level": "debug", "timestamp": "2026-06-21T14:55:14.351765Z"}
{"file": "C:\\projects\\knowiki-v1\\tmp5zrc8ha2\\.brain\\knowledge\\constraints\\constraints.md", "event": "artifact_builder.render", "level": "debug", "timestamp": "2026-06-21T14:55:14.352318Z"}
{"file": "C:\\projects\\knowiki-v1\\tmp5zrc8ha2\\.brain\\knowledge\\conventions\\conventions.md", "event": "artifact_builder.render", "level": "debug", "timestamp": "2026-06-21T14:55:14.352777Z"}
{"file": "C:\\projects\\knowiki-v1\\tmp5zrc8ha2\\.brain\\knowledge\\components\\components.md", "event": "artifact_builder.render", "level": "debug", "timestamp": "2026-06-21T14:55:14.353535Z"}
{"file": "C:\\projects\\knowiki-v1\\tmp5zrc8ha2\\.agent\\memory\\active_context.md", "event": "artifact_builder.render", "level": "debug", "timestamp": "2026-06-21T14:55:14.355021Z"}
{"file": "C:\\projects\\knowiki-v1\\tmp5zrc8ha2\\.agent\\skills\\system\\context_tracker.md", "event": "artifact_builder.render", "level": "debug", "timestamp": "2026-06-21T14:55:14.356106Z"}
{"event": "artifact_builder.complete", "level": "info", "timestamp": "2026-06-21T14:55:14.356161Z"}
{"event": "engine.initialize.started", "level": "info", "timestamp": "2026-06-21T14:55:14.356458Z"}
{"repo_root": "C:\\projects\\knowiki-v1\\tmp5zrc8ha2", "event": "parser.started", "level": "info", "timestamp": "2026-06-21T14:55:14.356505Z"}
{"files_found": 1, "languages": {"PYTHON": 1}, "event": "parser.discovery_complete", "level": "info", "timestamp": "2026-06-21T14:55:14.356834Z"}
{"entities": 2, "relationships": 1, "resolved_calls": 0, "event": "parser.complete", "level": "info", "timestamp": "2026-06-21T14:55:14.358778Z"}
{"file": "C:\\projects\\knowiki-v1\\tmp5zrc8ha2\\.brain\\state.yaml", "structural_revision": "S-001", "event": "state_manager.initialized", "level": "info", "timestamp": "2026-06-21T14:55:14.360564Z"}
{"revision": "S-001", "event": "engine.initialize.complete", "level": "info", "timestamp": "2026-06-21T14:55:14.360619Z"}
{"revision": "S-001", "event": "state_manager.loaded", "level": "debug", "timestamp": "2026-06-21T14:55:14.407512Z"}
{"event": "engine.sync.started", "level": "info", "timestamp": "2026-06-21T14:55:14.425139Z"}
{"revision": "S-001", "event": "state_manager.loaded", "level": "debug", "timestamp": "2026-06-21T14:55:14.426576Z"}
{"repo_root": "C:\\projects\\knowiki-v1\\tmp5zrc8ha2", "event": "parser.started", "level": "info", "timestamp": "2026-06-21T14:55:14.429375Z"}
{"files_found": 1, "languages": {"PYTHON": 1}, "event": "parser.discovery_complete", "level": "info", "timestamp": "2026-06-21T14:55:14.429770Z"}
{"entities": 2, "relationships": 1, "resolved_calls": 0, "event": "parser.complete", "level": "info", "timestamp": "2026-06-21T14:55:14.430056Z"}
{"event": "engine.sync.no_changes", "level": "info", "timestamp": "2026-06-21T14:55:14.430123Z"}
{"event": "engine.sync.started", "level": "info", "timestamp": "2026-06-21T14:55:14.450114Z"}
{"revision": "S-001", "event": "state_manager.loaded", "level": "debug", "timestamp": "2026-06-21T14:55:14.452068Z"}
{"repo_root": "C:\\projects\\knowiki-v1\\tmp5zrc8ha2", "event": "parser.started", "level": "info", "timestamp": "2026-06-21T14:55:14.452478Z"}
{"files_found": 1, "languages": {"PYTHON": 1}, "event": "parser.discovery_complete", "level": "info", "timestamp": "2026-06-21T14:55:14.453056Z"}
{"entities": 2, "relationships": 1, "resolved_calls": 0, "event": "parser.complete", "level": "info", "timestamp": "2026-06-21T14:55:14.456459Z"}
{"file": "C:\\projects\\knowiki-v1\\tmp5zrc8ha2\\.brain\\state.yaml", "revision": "S-002", "event": "state_manager.updated", "level": "info", "timestamp": "2026-06-21T14:55:14.462731Z"}
{"next_revision": "S-002", "event": "engine.sync.complete", "level": "info", "timestamp": "2026-06-21T14:55:14.462797Z"}
{"revision": "S-002", "event": "state_manager.loaded", "level": "debug", "timestamp": "2026-06-21T14:55:14.491601Z"}
{"repo_root": "C:\\projects\\knowiki-v1\\tmpiddfmlh7", "event": "parser.started", "level": "info", "timestamp": "2026-06-21T14:55:40.651810Z"}
{"files_found": 1, "languages": {"PYTHON": 1}, "event": "parser.discovery_complete", "level": "info", "timestamp": "2026-06-21T14:55:40.652239Z"}
{"entities": 2, "relationships": 1, "resolved_calls": 0, "event": "parser.complete", "level": "info", "timestamp": "2026-06-21T14:55:40.665179Z"}
{"repo_root": "C:\\projects\\knowiki-v1\\tmpnuqg4i0j", "event": "parser.started", "level": "info", "timestamp": "2026-06-21T14:55:40.670920Z"}
{"files_found": 3, "languages": {"PYTHON": 1, "JAVASCRIPT": 1, "TYPESCRIPT": 1}, "event": "parser.discovery_complete", "level": "info", "timestamp": "2026-06-21T14:55:40.671331Z"}
{"entities": 12, "relationships": 19, "resolved_calls": 4, "event": "parser.complete", "level": "info", "timestamp": "2026-06-21T14:55:40.678170Z"}
{"brain_root": "C:\\projects\\knowiki-v1\\tmpw828so47\\.brain", "event": "artifact_builder.started", "level": "info", "timestamp": "2026-06-21T14:55:40.683400Z"}
{"path": "C:\\projects\\knowiki-v1\\tmpw828so47\\.brain", "event": "artifact_builder.mkdir", "level": "debug", "timestamp": "2026-06-21T14:55:40.684147Z"}
{"path": "C:\\projects\\knowiki-v1\\tmpw828so47\\.brain\\structure", "event": "artifact_builder.mkdir", "level": "debug", "timestamp": "2026-06-21T14:55:40.684693Z"}
{"path": "C:\\projects\\knowiki-v1\\tmpw828so47\\.brain\\structure\\snapshots", "event": "artifact_builder.mkdir", "level": "debug", "timestamp": "2026-06-21T14:55:40.684990Z"}
{"path": "C:\\projects\\knowiki-v1\\tmpw828so47\\.brain\\reports", "event": "artifact_builder.mkdir", "level": "debug", "timestamp": "2026-06-21T14:55:40.685400Z"}
{"path": "C:\\projects\\knowiki-v1\\tmpw828so47\\.brain\\logs", "event": "artifact_builder.mkdir", "level": "debug", "timestamp": "2026-06-21T14:55:40.685757Z"}
{"path": "C:\\projects\\knowiki-v1\\tmpw828so47\\.brain\\knowledge", "event": "artifact_builder.mkdir", "level": "debug", "timestamp": "2026-06-21T14:55:40.686289Z"}
{"path": "C:\\projects\\knowiki-v1\\tmpw828so47\\.brain\\knowledge\\architecture", "event": "artifact_builder.mkdir", "level": "debug", "timestamp": "2026-06-21T14:55:40.686905Z"}
{"path": "C:\\projects\\knowiki-v1\\tmpw828so47\\.brain\\knowledge\\decisions", "event": "artifact_builder.mkdir", "level": "debug", "timestamp": "2026-06-21T14:55:40.687300Z"}
{"path": "C:\\projects\\knowiki-v1\\tmpw828so47\\.brain\\knowledge\\constraints", "event": "artifact_builder.mkdir", "level": "debug", "timestamp": "2026-06-21T14:55:40.687785Z"}
{"path": "C:\\projects\\knowiki-v1\\tmpw828so47\\.brain\\knowledge\\conventions", "event": "artifact_builder.mkdir", "level": "debug", "timestamp": "2026-06-21T14:55:40.688066Z"}
{"path": "C:\\projects\\knowiki-v1\\tmpw828so47\\.brain\\knowledge\\components", "event": "artifact_builder.mkdir", "level": "debug", "timestamp": "2026-06-21T14:55:40.688295Z"}
{"path": "C:\\projects\\knowiki-v1\\tmpw828so47\\.agent", "event": "artifact_builder.mkdir", "level": "debug", "timestamp": "2026-06-21T14:55:40.688659Z"}
{"path": "C:\\projects\\knowiki-v1\\tmpw828so47\\.agent\\skills", "event": "artifact_builder.mkdir", "level": "debug", "timestamp": "2026-06-21T14:55:40.688938Z"}
{"path": "C:\\projects\\knowiki-v1\\tmpw828so47\\.agent\\workflows", "event": "artifact_builder.mkdir", "level": "debug", "timestamp": "2026-06-21T14:55:40.689179Z"}
{"path": "C:\\projects\\knowiki-v1\\tmpw828so47\\.agent\\memory", "event": "artifact_builder.mkdir", "level": "debug", "timestamp": "2026-06-21T14:55:40.689430Z"}
{"path": "C:\\projects\\knowiki-v1\\tmpw828so47\\.agent\\skills\\system", "event": "artifact_builder.mkdir", "level": "debug", "timestamp": "2026-06-21T14:55:40.689664Z"}
{"file": "C:\\projects\\knowiki-v1\\tmpw828so47\\.agent\\BRAIN.md", "event": "artifact_builder.render", "level": "debug", "timestamp": "2026-06-21T14:55:40.692829Z"}
{"file": "C:\\projects\\knowiki-v1\\tmpw828so47\\.brain\\knowledge\\knowledge-maintenance.md", "event": "artifact_builder.render", "level": "debug", "timestamp": "2026-06-21T14:55:40.694120Z"}
{"file": "C:\\projects\\knowiki-v1\\tmpw828so47\\.agent\\skills\\example-skill.md", "event": "artifact_builder.render", "level": "debug", "timestamp": "2026-06-21T14:55:40.695275Z"}
{"file": "C:\\projects\\knowiki-v1\\tmpw828so47\\.agent\\workflows\\example-workflow.md", "event": "artifact_builder.render", "level": "debug", "timestamp": "2026-06-21T14:55:40.696365Z"}
{"file": "C:\\projects\\knowiki-v1\\tmpw828so47\\.brain\\knowledge\\architecture\\architecture.md", "event": "artifact_builder.render", "level": "debug", "timestamp": "2026-06-21T14:55:40.697041Z"}
{"file": "C:\\projects\\knowiki-v1\\tmpw828so47\\.brain\\knowledge\\decisions\\decisions.md", "event": "artifact_builder.render", "level": "debug", "timestamp": "2026-06-21T14:55:40.697957Z"}
{"file": "C:\\projects\\knowiki-v1\\tmpw828so47\\.brain\\knowledge\\constraints\\constraints.md", "event": "artifact_builder.render", "level": "debug", "timestamp": "2026-06-21T14:55:40.698904Z"}
{"file": "C:\\projects\\knowiki-v1\\tmpw828so47\\.brain\\knowledge\\conventions\\conventions.md", "event": "artifact_builder.render", "level": "debug", "timestamp": "2026-06-21T14:55:40.699977Z"}
{"file": "C:\\projects\\knowiki-v1\\tmpw828so47\\.brain\\knowledge\\components\\components.md", "event": "artifact_builder.render", "level": "debug", "timestamp": "2026-06-21T14:55:40.701460Z"}
{"file": "C:\\projects\\knowiki-v1\\tmpw828so47\\.agent\\memory\\active_context.md", "event": "artifact_builder.render", "level": "debug", "timestamp": "2026-06-21T14:55:40.702987Z"}
{"file": "C:\\projects\\knowiki-v1\\tmpw828so47\\.agent\\skills\\system\\context_tracker.md", "event": "artifact_builder.render", "level": "debug", "timestamp": "2026-06-21T14:55:40.704394Z"}
{"event": "artifact_builder.complete", "level": "info", "timestamp": "2026-06-21T14:55:40.704452Z"}
{"file": "C:\\projects\\knowiki-v1\\tmpz4qcaehm\\.brain\\state.yaml", "structural_revision": "S-001", "event": "state_manager.initialized", "level": "info", "timestamp": "2026-06-21T14:55:40.757069Z"}
{"revision": "S-001", "event": "state_manager.loaded", "level": "debug", "timestamp": "2026-06-21T14:55:40.804353Z"}
{"file": "C:\\projects\\knowiki-v1\\tmpz4qcaehm\\.brain\\state.yaml", "revision": "S-002", "event": "state_manager.updated", "level": "info", "timestamp": "2026-06-21T14:55:40.808502Z"}
{"brain_root": "C:\\projects\\knowiki-v1\\tmp5juwx7iz\\.brain", "event": "artifact_builder.started", "level": "info", "timestamp": "2026-06-21T14:55:40.878645Z"}
{"path": "C:\\projects\\knowiki-v1\\tmp5juwx7iz\\.brain", "event": "artifact_builder.mkdir", "level": "debug", "timestamp": "2026-06-21T14:55:40.879101Z"}
{"path": "C:\\projects\\knowiki-v1\\tmp5juwx7iz\\.brain\\structure", "event": "artifact_builder.mkdir", "level": "debug", "timestamp": "2026-06-21T14:55:40.880202Z"}
{"path": "C:\\projects\\knowiki-v1\\tmp5juwx7iz\\.brain\\structure\\snapshots", "event": "artifact_builder.mkdir", "level": "debug", "timestamp": "2026-06-21T14:55:40.880767Z"}
{"path": "C:\\projects\\knowiki-v1\\tmp5juwx7iz\\.brain\\reports", "event": "artifact_builder.mkdir", "level": "debug", "timestamp": "2026-06-21T14:55:40.881196Z"}
{"path": "C:\\projects\\knowiki-v1\\tmp5juwx7iz\\.brain\\logs", "event": "artifact_builder.mkdir", "level": "debug", "timestamp": "2026-06-21T14:55:40.882783Z"}
{"path": "C:\\projects\\knowiki-v1\\tmp5juwx7iz\\.brain\\knowledge", "event": "artifact_builder.mkdir", "level": "debug", "timestamp": "2026-06-21T14:55:40.884461Z"}
{"path": "C:\\projects\\knowiki-v1\\tmp5juwx7iz\\.brain\\knowledge\\architecture", "event": "artifact_builder.mkdir", "level": "debug", "timestamp": "2026-06-21T14:55:40.885122Z"}
{"path": "C:\\projects\\knowiki-v1\\tmp5juwx7iz\\.brain\\knowledge\\decisions", "event": "artifact_builder.mkdir", "level": "debug", "timestamp": "2026-06-21T14:55:40.885514Z"}
{"path": "C:\\projects\\knowiki-v1\\tmp5juwx7iz\\.brain\\knowledge\\constraints", "event": "artifact_builder.mkdir", "level": "debug", "timestamp": "2026-06-21T14:55:40.886073Z"}
{"path": "C:\\projects\\knowiki-v1\\tmp5juwx7iz\\.brain\\knowledge\\conventions", "event": "artifact_builder.mkdir", "level": "debug", "timestamp": "2026-06-21T14:55:40.886394Z"}
{"path": "C:\\projects\\knowiki-v1\\tmp5juwx7iz\\.brain\\knowledge\\components", "event": "artifact_builder.mkdir", "level": "debug", "timestamp": "2026-06-21T14:55:40.886727Z"}
{"path": "C:\\projects\\knowiki-v1\\tmp5juwx7iz\\.agent", "event": "artifact_builder.mkdir", "level": "debug", "timestamp": "2026-06-21T14:55:40.887314Z"}
{"path": "C:\\projects\\knowiki-v1\\tmp5juwx7iz\\.agent\\skills", "event": "artifact_builder.mkdir", "level": "debug", "timestamp": "2026-06-21T14:55:40.887748Z"}
{"path": "C:\\projects\\knowiki-v1\\tmp5juwx7iz\\.agent\\workflows", "event": "artifact_builder.mkdir", "level": "debug", "timestamp": "2026-06-21T14:55:40.888181Z"}
{"path": "C:\\projects\\knowiki-v1\\tmp5juwx7iz\\.agent\\memory", "event": "artifact_builder.mkdir", "level": "debug", "timestamp": "2026-06-21T14:55:40.888528Z"}
{"path": "C:\\projects\\knowiki-v1\\tmp5juwx7iz\\.agent\\skills\\system", "event": "artifact_builder.mkdir", "level": "debug", "timestamp": "2026-06-21T14:55:40.888863Z"}
{"file": "C:\\projects\\knowiki-v1\\tmp5juwx7iz\\.agent\\BRAIN.md", "event": "artifact_builder.render", "level": "debug", "timestamp": "2026-06-21T14:55:40.890337Z"}
{"file": "C:\\projects\\knowiki-v1\\tmp5juwx7iz\\.brain\\knowledge\\knowledge-maintenance.md", "event": "artifact_builder.render", "level": "debug", "timestamp": "2026-06-21T14:55:40.891428Z"}
{"file": "C:\\projects\\knowiki-v1\\tmp5juwx7iz\\.agent\\skills\\example-skill.md", "event": "artifact_builder.render", "level": "debug", "timestamp": "2026-06-21T14:55:40.892644Z"}
{"file": "C:\\projects\\knowiki-v1\\tmp5juwx7iz\\.agent\\workflows\\example-workflow.md", "event": "artifact_builder.render", "level": "debug", "timestamp": "2026-06-21T14:55:40.893661Z"}
{"file": "C:\\projects\\knowiki-v1\\tmp5juwx7iz\\.brain\\knowledge\\architecture\\architecture.md", "event": "artifact_builder.render", "level": "debug", "timestamp": "2026-06-21T14:55:40.894175Z"}
{"file": "C:\\projects\\knowiki-v1\\tmp5juwx7iz\\.brain\\knowledge\\decisions\\decisions.md", "event": "artifact_builder.render", "level": "debug", "timestamp": "2026-06-21T14:55:40.894617Z"}
{"file": "C:\\projects\\knowiki-v1\\tmp5juwx7iz\\.brain\\knowledge\\constraints\\constraints.md", "event": "artifact_builder.render", "level": "debug", "timestamp": "2026-06-21T14:55:40.895037Z"}
{"file": "C:\\projects\\knowiki-v1\\tmp5juwx7iz\\.brain\\knowledge\\conventions\\conventions.md", "event": "artifact_builder.render", "level": "debug", "timestamp": "2026-06-21T14:55:40.895527Z"}
{"file": "C:\\projects\\knowiki-v1\\tmp5juwx7iz\\.brain\\knowledge\\components\\components.md", "event": "artifact_builder.render", "level": "debug", "timestamp": "2026-06-21T14:55:40.895915Z"}
{"file": "C:\\projects\\knowiki-v1\\tmp5juwx7iz\\.agent\\memory\\active_context.md", "event": "artifact_builder.render", "level": "debug", "timestamp": "2026-06-21T14:55:40.896978Z"}
{"file": "C:\\projects\\knowiki-v1\\tmp5juwx7iz\\.agent\\skills\\system\\context_tracker.md", "event": "artifact_builder.render", "level": "debug", "timestamp": "2026-06-21T14:55:40.898241Z"}
{"event": "artifact_builder.complete", "level": "info", "timestamp": "2026-06-21T14:55:40.898359Z"}
{"event": "engine.initialize.started", "level": "info", "timestamp": "2026-06-21T14:55:40.899004Z"}
{"repo_root": "C:\\projects\\knowiki-v1\\tmp5juwx7iz", "event": "parser.started", "level": "info", "timestamp": "2026-06-21T14:55:40.899074Z"}
{"files_found": 1, "languages": {"PYTHON": 1}, "event": "parser.discovery_complete", "level": "info", "timestamp": "2026-06-21T14:55:40.899482Z"}
{"entities": 2, "relationships": 1, "resolved_calls": 0, "event": "parser.complete", "level": "info", "timestamp": "2026-06-21T14:55:40.902199Z"}
{"file": "C:\\projects\\knowiki-v1\\tmp5juwx7iz\\.brain\\state.yaml", "structural_revision": "S-001", "event": "state_manager.initialized", "level": "info", "timestamp": "2026-06-21T14:55:40.903915Z"}
{"revision": "S-001", "event": "engine.initialize.complete", "level": "info", "timestamp": "2026-06-21T14:55:40.903968Z"}
{"revision": "S-001", "event": "state_manager.loaded", "level": "debug", "timestamp": "2026-06-21T14:55:40.923684Z"}
{"event": "engine.sync.started", "level": "info", "timestamp": "2026-06-21T14:55:40.931254Z"}
{"revision": "S-001", "event": "state_manager.loaded", "level": "debug", "timestamp": "2026-06-21T14:55:40.932634Z"}
{"repo_root": "C:\\projects\\knowiki-v1\\tmp5juwx7iz", "event": "parser.started", "level": "info", "timestamp": "2026-06-21T14:55:40.934797Z"}
{"files_found": 1, "languages": {"PYTHON": 1}, "event": "parser.discovery_complete", "level": "info", "timestamp": "2026-06-21T14:55:40.935261Z"}
{"entities": 2, "relationships": 1, "resolved_calls": 0, "event": "parser.complete", "level": "info", "timestamp": "2026-06-21T14:55:40.935619Z"}
{"event": "engine.sync.no_changes", "level": "info", "timestamp": "2026-06-21T14:55:40.935699Z"}
{"event": "engine.sync.started", "level": "info", "timestamp": "2026-06-21T14:55:40.942372Z"}
{"revision": "S-001", "event": "state_manager.loaded", "level": "debug", "timestamp": "2026-06-21T14:55:40.943481Z"}
{"repo_root": "C:\\projects\\knowiki-v1\\tmp5juwx7iz", "event": "parser.started", "level": "info", "timestamp": "2026-06-21T14:55:40.943784Z"}
{"files_found": 1, "languages": {"PYTHON": 1}, "event": "parser.discovery_complete", "level": "info", "timestamp": "2026-06-21T14:55:40.944163Z"}
{"entities": 2, "relationships": 1, "resolved_calls": 0, "event": "parser.complete", "level": "info", "timestamp": "2026-06-21T14:55:40.945521Z"}
{"file": "C:\\projects\\knowiki-v1\\tmp5juwx7iz\\.brain\\state.yaml", "revision": "S-002", "event": "state_manager.updated", "level": "info", "timestamp": "2026-06-21T14:55:40.950131Z"}
{"next_revision": "S-002", "event": "engine.sync.complete", "level": "info", "timestamp": "2026-06-21T14:55:40.950201Z"}
{"revision": "S-002", "event": "state_manager.loaded", "level": "debug", "timestamp": "2026-06-21T14:55:40.977697Z"}
{"revision": "S-001", "event": "state_manager.loaded", "level": "debug", "timestamp": "2026-06-21T14:58:43.908818Z"}
{"repo_root": "C:\\projects\\knowiki-v1\\tmp6fdkcsd7", "event": "parser.started", "level": "info", "timestamp": "2026-06-21T15:01:38.754515Z"}
{"files_found": 1, "languages": {"PYTHON": 1}, "event": "parser.discovery_complete", "level": "info", "timestamp": "2026-06-21T15:01:38.754978Z"}
{"entities": 2, "relationships": 1, "resolved_calls": 0, "event": "parser.complete", "level": "info", "timestamp": "2026-06-21T15:01:38.768234Z"}
{"repo_root": "C:\\projects\\knowiki-v1\\tmpaatbeyvk", "event": "parser.started", "level": "info", "timestamp": "2026-06-21T15:01:38.774204Z"}
{"files_found": 3, "languages": {"JAVASCRIPT": 1, "TYPESCRIPT": 1, "PYTHON": 1}, "event": "parser.discovery_complete", "level": "info", "timestamp": "2026-06-21T15:01:38.774687Z"}
{"entities": 12, "relationships": 19, "resolved_calls": 4, "event": "parser.complete", "level": "info", "timestamp": "2026-06-21T15:01:38.781483Z"}
{"brain_root": "C:\\projects\\knowiki-v1\\tmp_l5z2852\\.brain", "event": "artifact_builder.started", "level": "info", "timestamp": "2026-06-21T15:01:38.787036Z"}
{"path": "C:\\projects\\knowiki-v1\\tmp_l5z2852\\.brain", "event": "artifact_builder.mkdir", "level": "debug", "timestamp": "2026-06-21T15:01:38.787435Z"}
{"path": "C:\\projects\\knowiki-v1\\tmp_l5z2852\\.brain\\structure", "event": "artifact_builder.mkdir", "level": "debug", "timestamp": "2026-06-21T15:01:38.787909Z"}
{"path": "C:\\projects\\knowiki-v1\\tmp_l5z2852\\.brain\\structure\\snapshots", "event": "artifact_builder.mkdir", "level": "debug", "timestamp": "2026-06-21T15:01:38.788213Z"}
{"path": "C:\\projects\\knowiki-v1\\tmp_l5z2852\\.brain\\reports", "event": "artifact_builder.mkdir", "level": "debug", "timestamp": "2026-06-21T15:01:38.788509Z"}
{"path": "C:\\projects\\knowiki-v1\\tmp_l5z2852\\.brain\\logs", "event": "artifact_builder.mkdir", "level": "debug", "timestamp": "2026-06-21T15:01:38.788781Z"}
{"path": "C:\\projects\\knowiki-v1\\tmp_l5z2852\\.brain\\knowledge", "event": "artifact_builder.mkdir", "level": "debug", "timestamp": "2026-06-21T15:01:38.789206Z"}
{"path": "C:\\projects\\knowiki-v1\\tmp_l5z2852\\.brain\\knowledge\\architecture", "event": "artifact_builder.mkdir", "level": "debug", "timestamp": "2026-06-21T15:01:38.789698Z"}
{"path": "C:\\projects\\knowiki-v1\\tmp_l5z2852\\.brain\\knowledge\\decisions", "event": "artifact_builder.mkdir", "level": "debug", "timestamp": "2026-06-21T15:01:38.790066Z"}
{"path": "C:\\projects\\knowiki-v1\\tmp_l5z2852\\.brain\\knowledge\\constraints", "event": "artifact_builder.mkdir", "level": "debug", "timestamp": "2026-06-21T15:01:38.790550Z"}
{"path": "C:\\projects\\knowiki-v1\\tmp_l5z2852\\.brain\\knowledge\\conventions", "event": "artifact_builder.mkdir", "level": "debug", "timestamp": "2026-06-21T15:01:38.790868Z"}
{"path": "C:\\projects\\knowiki-v1\\tmp_l5z2852\\.brain\\knowledge\\components", "event": "artifact_builder.mkdir", "level": "debug", "timestamp": "2026-06-21T15:01:38.791191Z"}
{"path": "C:\\projects\\knowiki-v1\\tmp_l5z2852\\.agent", "event": "artifact_builder.mkdir", "level": "debug", "timestamp": "2026-06-21T15:01:38.791580Z"}
{"path": "C:\\projects\\knowiki-v1\\tmp_l5z2852\\.agent\\skills", "event": "artifact_builder.mkdir", "level": "debug", "timestamp": "2026-06-21T15:01:38.791862Z"}
{"path": "C:\\projects\\knowiki-v1\\tmp_l5z2852\\.agent\\workflows", "event": "artifact_builder.mkdir", "level": "debug", "timestamp": "2026-06-21T15:01:38.792100Z"}
{"path": "C:\\projects\\knowiki-v1\\tmp_l5z2852\\.agent\\memory", "event": "artifact_builder.mkdir", "level": "debug", "timestamp": "2026-06-21T15:01:38.792381Z"}
{"path": "C:\\projects\\knowiki-v1\\tmp_l5z2852\\.agent\\skills\\system", "event": "artifact_builder.mkdir", "level": "debug", "timestamp": "2026-06-21T15:01:38.792708Z"}
{"file": "C:\\projects\\knowiki-v1\\tmp_l5z2852\\.agent\\BRAIN.md", "event": "artifact_builder.render", "level": "debug", "timestamp": "2026-06-21T15:01:38.794944Z"}
{"file": "C:\\projects\\knowiki-v1\\tmp_l5z2852\\.brain\\knowledge\\knowledge-maintenance.md", "event": "artifact_builder.render", "level": "debug", "timestamp": "2026-06-21T15:01:38.796050Z"}
{"file": "C:\\projects\\knowiki-v1\\tmp_l5z2852\\.agent\\skills\\example-skill.md", "event": "artifact_builder.render", "level": "debug", "timestamp": "2026-06-21T15:01:38.797349Z"}
{"file": "C:\\projects\\knowiki-v1\\tmp_l5z2852\\.agent\\workflows\\example-workflow.md", "event": "artifact_builder.render", "level": "debug", "timestamp": "2026-06-21T15:01:38.798345Z"}
{"file": "C:\\projects\\knowiki-v1\\tmp_l5z2852\\.brain\\knowledge\\architecture\\architecture.md", "event": "artifact_builder.render", "level": "debug", "timestamp": "2026-06-21T15:01:38.798775Z"}
{"file": "C:\\projects\\knowiki-v1\\tmp_l5z2852\\.brain\\knowledge\\decisions\\decisions.md", "event": "artifact_builder.render", "level": "debug", "timestamp": "2026-06-21T15:01:38.799247Z"}
{"file": "C:\\projects\\knowiki-v1\\tmp_l5z2852\\.brain\\knowledge\\constraints\\constraints.md", "event": "artifact_builder.render", "level": "debug", "timestamp": "2026-06-21T15:01:38.799659Z"}
{"file": "C:\\projects\\knowiki-v1\\tmp_l5z2852\\.brain\\knowledge\\conventions\\conventions.md", "event": "artifact_builder.render", "level": "debug", "timestamp": "2026-06-21T15:01:38.800049Z"}
{"file": "C:\\projects\\knowiki-v1\\tmp_l5z2852\\.brain\\knowledge\\components\\components.md", "event": "artifact_builder.render", "level": "debug", "timestamp": "2026-06-21T15:01:38.800418Z"}
{"file": "C:\\projects\\knowiki-v1\\tmp_l5z2852\\.agent\\memory\\active_context.md", "event": "artifact_builder.render", "level": "debug", "timestamp": "2026-06-21T15:01:38.801541Z"}
{"file": "C:\\projects\\knowiki-v1\\tmp_l5z2852\\.agent\\skills\\system\\context_tracker.md", "event": "artifact_builder.render", "level": "debug", "timestamp": "2026-06-21T15:01:38.803628Z"}
{"event": "artifact_builder.complete", "level": "info", "timestamp": "2026-06-21T15:01:38.803763Z"}
{"file": "C:\\projects\\knowiki-v1\\tmp85e2su4n\\.brain\\state.yaml", "structural_revision": "S-001", "event": "state_manager.initialized", "level": "info", "timestamp": "2026-06-21T15:01:38.847505Z"}
{"revision": "S-001", "event": "state_manager.loaded", "level": "debug", "timestamp": "2026-06-21T15:01:38.892029Z"}
{"file": "C:\\projects\\knowiki-v1\\tmp85e2su4n\\.brain\\state.yaml", "revision": "S-002", "event": "state_manager.updated", "level": "info", "timestamp": "2026-06-21T15:01:38.895508Z"}
{"brain_root": "C:\\projects\\knowiki-v1\\tmpz2o2ychl\\.brain", "event": "artifact_builder.started", "level": "info", "timestamp": "2026-06-21T15:01:38.960906Z"}
{"path": "C:\\projects\\knowiki-v1\\tmpz2o2ychl\\.brain", "event": "artifact_builder.mkdir", "level": "debug", "timestamp": "2026-06-21T15:01:38.961249Z"}
{"path": "C:\\projects\\knowiki-v1\\tmpz2o2ychl\\.brain\\structure", "event": "artifact_builder.mkdir", "level": "debug", "timestamp": "2026-06-21T15:01:38.961592Z"}
{"path": "C:\\projects\\knowiki-v1\\tmpz2o2ychl\\.brain\\structure\\snapshots", "event": "artifact_builder.mkdir", "level": "debug", "timestamp": "2026-06-21T15:01:38.961919Z"}
{"path": "C:\\projects\\knowiki-v1\\tmpz2o2ychl\\.brain\\reports", "event": "artifact_builder.mkdir", "level": "debug", "timestamp": "2026-06-21T15:01:38.962279Z"}
{"path": "C:\\projects\\knowiki-v1\\tmpz2o2ychl\\.brain\\logs", "event": "artifact_builder.mkdir", "level": "debug", "timestamp": "2026-06-21T15:01:38.962643Z"}
{"path": "C:\\projects\\knowiki-v1\\tmpz2o2ychl\\.brain\\knowledge", "event": "artifact_builder.mkdir", "level": "debug", "timestamp": "2026-06-21T15:01:38.963177Z"}
{"path": "C:\\projects\\knowiki-v1\\tmpz2o2ychl\\.brain\\knowledge\\architecture", "event": "artifact_builder.mkdir", "level": "debug", "timestamp": "2026-06-21T15:01:38.963565Z"}
{"path": "C:\\projects\\knowiki-v1\\tmpz2o2ychl\\.brain\\knowledge\\decisions", "event": "artifact_builder.mkdir", "level": "debug", "timestamp": "2026-06-21T15:01:38.963958Z"}
{"path": "C:\\projects\\knowiki-v1\\tmpz2o2ychl\\.brain\\knowledge\\constraints", "event": "artifact_builder.mkdir", "level": "debug", "timestamp": "2026-06-21T15:01:38.964359Z"}
{"path": "C:\\projects\\knowiki-v1\\tmpz2o2ychl\\.brain\\knowledge\\conventions", "event": "artifact_builder.mkdir", "level": "debug", "timestamp": "2026-06-21T15:01:38.964698Z"}
{"path": "C:\\projects\\knowiki-v1\\tmpz2o2ychl\\.brain\\knowledge\\components", "event": "artifact_builder.mkdir", "level": "debug", "timestamp": "2026-06-21T15:01:38.964929Z"}
{"path": "C:\\projects\\knowiki-v1\\tmpz2o2ychl\\.agent", "event": "artifact_builder.mkdir", "level": "debug", "timestamp": "2026-06-21T15:01:38.965316Z"}
{"path": "C:\\projects\\knowiki-v1\\tmpz2o2ychl\\.agent\\skills", "event": "artifact_builder.mkdir", "level": "debug", "timestamp": "2026-06-21T15:01:38.965620Z"}
{"path": "C:\\projects\\knowiki-v1\\tmpz2o2ychl\\.agent\\workflows", "event": "artifact_builder.mkdir", "level": "debug", "timestamp": "2026-06-21T15:01:38.965901Z"}
{"path": "C:\\projects\\knowiki-v1\\tmpz2o2ychl\\.agent\\memory", "event": "artifact_builder.mkdir", "level": "debug", "timestamp": "2026-06-21T15:01:38.966143Z"}
{"path": "C:\\projects\\knowiki-v1\\tmpz2o2ychl\\.agent\\skills\\system", "event": "artifact_builder.mkdir", "level": "debug", "timestamp": "2026-06-21T15:01:38.966438Z"}
{"file": "C:\\projects\\knowiki-v1\\tmpz2o2ychl\\.agent\\BRAIN.md", "event": "artifact_builder.render", "level": "debug", "timestamp": "2026-06-21T15:01:38.967838Z"}
{"file": "C:\\projects\\knowiki-v1\\tmpz2o2ychl\\.brain\\knowledge\\knowledge-maintenance.md", "event": "artifact_builder.render", "level": "debug", "timestamp": "2026-06-21T15:01:38.968955Z"}
{"file": "C:\\projects\\knowiki-v1\\tmpz2o2ychl\\.agent\\skills\\example-skill.md", "event": "artifact_builder.render", "level": "debug", "timestamp": "2026-06-21T15:01:38.970664Z"}
{"file": "C:\\projects\\knowiki-v1\\tmpz2o2ychl\\.agent\\workflows\\example-workflow.md", "event": "artifact_builder.render", "level": "debug", "timestamp": "2026-06-21T15:01:38.972780Z"}
{"file": "C:\\projects\\knowiki-v1\\tmpz2o2ychl\\.brain\\knowledge\\architecture\\architecture.md", "event": "artifact_builder.render", "level": "debug", "timestamp": "2026-06-21T15:01:38.973324Z"}
{"file": "C:\\projects\\knowiki-v1\\tmpz2o2ychl\\.brain\\knowledge\\decisions\\decisions.md", "event": "artifact_builder.render", "level": "debug", "timestamp": "2026-06-21T15:01:38.973764Z"}
{"file": "C:\\projects\\knowiki-v1\\tmpz2o2ychl\\.brain\\knowledge\\constraints\\constraints.md", "event": "artifact_builder.render", "level": "debug", "timestamp": "2026-06-21T15:01:38.974265Z"}
{"file": "C:\\projects\\knowiki-v1\\tmpz2o2ychl\\.brain\\knowledge\\conventions\\conventions.md", "event": "artifact_builder.render", "level": "debug", "timestamp": "2026-06-21T15:01:38.974769Z"}
{"file": "C:\\projects\\knowiki-v1\\tmpz2o2ychl\\.brain\\knowledge\\components\\components.md", "event": "artifact_builder.render", "level": "debug", "timestamp": "2026-06-21T15:01:38.975332Z"}
{"file": "C:\\projects\\knowiki-v1\\tmpz2o2ychl\\.agent\\memory\\active_context.md", "event": "artifact_builder.render", "level": "debug", "timestamp": "2026-06-21T15:01:38.977445Z"}
{"file": "C:\\projects\\knowiki-v1\\tmpz2o2ychl\\.agent\\skills\\system\\context_tracker.md", "event": "artifact_builder.render", "level": "debug", "timestamp": "2026-06-21T15:01:38.978579Z"}
{"event": "artifact_builder.complete", "level": "info", "timestamp": "2026-06-21T15:01:38.978633Z"}
{"event": "engine.initialize.started", "level": "info", "timestamp": "2026-06-21T15:01:38.978942Z"}
{"repo_root": "C:\\projects\\knowiki-v1\\tmpz2o2ychl", "event": "parser.started", "level": "info", "timestamp": "2026-06-21T15:01:38.979002Z"}
{"files_found": 1, "languages": {"PYTHON": 1}, "event": "parser.discovery_complete", "level": "info", "timestamp": "2026-06-21T15:01:38.979310Z"}
{"entities": 2, "relationships": 1, "resolved_calls": 0, "event": "parser.complete", "level": "info", "timestamp": "2026-06-21T15:01:38.980522Z"}
{"file": "C:\\projects\\knowiki-v1\\tmpz2o2ychl\\.brain\\state.yaml", "structural_revision": "S-001", "event": "state_manager.initialized", "level": "info", "timestamp": "2026-06-21T15:01:38.982351Z"}
{"revision": "S-001", "event": "engine.initialize.complete", "level": "info", "timestamp": "2026-06-21T15:01:38.982402Z"}
{"revision": "S-001", "event": "state_manager.loaded", "level": "debug", "timestamp": "2026-06-21T15:01:39.001183Z"}
{"event": "engine.sync.started", "level": "info", "timestamp": "2026-06-21T15:01:39.007399Z"}
{"revision": "S-001", "event": "state_manager.loaded", "level": "debug", "timestamp": "2026-06-21T15:01:39.008534Z"}
{"repo_root": "C:\\projects\\knowiki-v1\\tmpz2o2ychl", "event": "parser.started", "level": "info", "timestamp": "2026-06-21T15:01:39.011793Z"}
{"files_found": 1, "languages": {"PYTHON": 1}, "event": "parser.discovery_complete", "level": "info", "timestamp": "2026-06-21T15:01:39.012386Z"}
{"entities": 2, "relationships": 1, "resolved_calls": 0, "event": "parser.complete", "level": "info", "timestamp": "2026-06-21T15:01:39.012791Z"}
{"event": "engine.sync.no_changes", "level": "info", "timestamp": "2026-06-21T15:01:39.012892Z"}
{"event": "engine.sync.started", "level": "info", "timestamp": "2026-06-21T15:01:39.019981Z"}
{"revision": "S-001", "event": "state_manager.loaded", "level": "debug", "timestamp": "2026-06-21T15:01:39.021091Z"}
{"repo_root": "C:\\projects\\knowiki-v1\\tmpz2o2ychl", "event": "parser.started", "level": "info", "timestamp": "2026-06-21T15:01:39.021402Z"}
{"files_found": 1, "languages": {"PYTHON": 1}, "event": "parser.discovery_complete", "level": "info", "timestamp": "2026-06-21T15:01:39.021770Z"}
{"entities": 2, "relationships": 1, "resolved_calls": 0, "event": "parser.complete", "level": "info", "timestamp": "2026-06-21T15:01:39.023163Z"}
{"file": "C:\\projects\\knowiki-v1\\tmpz2o2ychl\\.brain\\state.yaml", "revision": "S-002", "event": "state_manager.updated", "level": "info", "timestamp": "2026-06-21T15:01:39.026504Z"}
{"next_revision": "S-002", "event": "engine.sync.complete", "level": "info", "timestamp": "2026-06-21T15:01:39.026561Z"}
{"revision": "S-002", "event": "state_manager.loaded", "level": "debug", "timestamp": "2026-06-21T15:01:39.055252Z"}
{"event": "engine.sync.started", "level": "info", "timestamp": "2026-06-21T15:01:57.767990Z"}
{"revision": "S-001", "event": "state_manager.loaded", "level": "debug", "timestamp": "2026-06-21T15:01:57.773093Z"}
{"repo_root": "C:\\projects\\knowiki-v1", "event": "parser.started", "level": "info", "timestamp": "2026-06-21T15:01:57.801688Z"}
{"files_found": 57, "languages": {"JAVASCRIPT": 1, "PYTHON": 56}, "event": "parser.discovery_complete", "level": "info", "timestamp": "2026-06-21T15:01:57.814746Z"}
{"entities": 175, "relationships": 579, "resolved_calls": 225, "event": "parser.complete", "level": "info", "timestamp": "2026-06-21T15:01:57.898634Z"}
{"file": "C:\\projects\\knowiki-v1\\.brain\\state.yaml", "revision": "S-002", "event": "state_manager.updated", "level": "info", "timestamp": "2026-06-21T15:01:57.912857Z"}
{"next_revision": "S-002", "event": "engine.sync.complete", "level": "info", "timestamp": "2026-06-21T15:01:57.912923Z"}
{"brain_root": "C:\\KnoWiki\\.brain", "event": "artifact_builder.started", "level": "info", "timestamp": "2026-06-22T06:55:06.340273Z"}
{"path": "C:\\KnoWiki\\.brain", "event": "artifact_builder.mkdir", "level": "debug", "timestamp": "2026-06-22T06:55:06.341408Z"}
{"path": "C:\\KnoWiki\\.brain\\structure", "event": "artifact_builder.mkdir", "level": "debug", "timestamp": "2026-06-22T06:55:06.342189Z"}
{"path": "C:\\KnoWiki\\.brain\\structure\\snapshots", "event": "artifact_builder.mkdir", "level": "debug", "timestamp": "2026-06-22T06:55:06.342758Z"}
{"path": "C:\\KnoWiki\\.brain\\reports", "event": "artifact_builder.mkdir", "level": "debug", "timestamp": "2026-06-22T06:55:06.343389Z"}
{"path": "C:\\KnoWiki\\.brain\\logs", "event": "artifact_builder.mkdir", "level": "debug", "timestamp": "2026-06-22T06:55:06.344450Z"}
{"path": "C:\\KnoWiki\\.brain\\knowledge", "event": "artifact_builder.mkdir", "level": "debug", "timestamp": "2026-06-22T06:55:06.345564Z"}
{"path": "C:\\KnoWiki\\.brain\\knowledge\\architecture", "event": "artifact_builder.mkdir", "level": "debug", "timestamp": "2026-06-22T06:55:06.346033Z"}
{"path": "C:\\KnoWiki\\.brain\\knowledge\\decisions", "event": "artifact_builder.mkdir", "level": "debug", "timestamp": "2026-06-22T06:55:06.346579Z"}
{"path": "C:\\KnoWiki\\.brain\\knowledge\\constraints", "event": "artifact_builder.mkdir", "level": "debug", "timestamp": "2026-06-22T06:55:06.347301Z"}
{"path": "C:\\KnoWiki\\.brain\\knowledge\\conventions", "event": "artifact_builder.mkdir", "level": "debug", "timestamp": "2026-06-22T06:55:06.347764Z"}
{"path": "C:\\KnoWiki\\.brain\\knowledge\\components", "event": "artifact_builder.mkdir", "level": "debug", "timestamp": "2026-06-22T06:55:06.348266Z"}
{"path": "C:\\KnoWiki\\.agent", "event": "artifact_builder.mkdir", "level": "debug", "timestamp": "2026-06-22T06:55:06.348700Z"}
{"path": "C:\\KnoWiki\\.agent\\skills", "event": "artifact_builder.mkdir", "level": "debug", "timestamp": "2026-06-22T06:55:06.349174Z"}
{"path": "C:\\KnoWiki\\.agent\\workflows", "event": "artifact_builder.mkdir", "level": "debug", "timestamp": "2026-06-22T06:55:06.349559Z"}
{"path": "C:\\KnoWiki\\.agent\\memory", "event": "artifact_builder.mkdir", "level": "debug", "timestamp": "2026-06-22T06:55:06.350545Z"}
{"path": "C:\\KnoWiki\\.agent\\skills\\system", "event": "artifact_builder.mkdir", "level": "debug", "timestamp": "2026-06-22T06:55:06.351420Z"}
{"path": "C:\\KnoWiki\\.brain\\knowledge\\raw", "event": "artifact_builder.mkdir", "level": "debug", "timestamp": "2026-06-22T06:55:06.352005Z"}
{"file": "C:\\KnoWiki\\.agent\\BRAIN.md", "event": "artifact_builder.render", "level": "debug", "timestamp": "2026-06-22T06:55:06.354946Z"}
{"file": "C:\\KnoWiki\\.brain\\knowledge\\knowledge-maintenance.md", "event": "artifact_builder.render", "level": "debug", "timestamp": "2026-06-22T06:55:06.356568Z"}
{"file": "C:\\KnoWiki\\.agent\\skills\\example-skill.md", "event": "artifact_builder.render", "level": "debug", "timestamp": "2026-06-22T06:55:06.358406Z"}
{"file": "C:\\KnoWiki\\.agent\\workflows\\example-workflow.md", "event": "artifact_builder.render", "level": "debug", "timestamp": "2026-06-22T06:55:06.359951Z"}
{"file": "C:\\KnoWiki\\.brain\\knowledge\\architecture\\architecture.md", "event": "artifact_builder.render", "level": "debug", "timestamp": "2026-06-22T06:55:06.360782Z"}
{"file": "C:\\KnoWiki\\.brain\\knowledge\\decisions\\decisions.md", "event": "artifact_builder.render", "level": "debug", "timestamp": "2026-06-22T06:55:06.361748Z"}
{"file": "C:\\KnoWiki\\.brain\\knowledge\\constraints\\constraints.md", "event": "artifact_builder.render", "level": "debug", "timestamp": "2026-06-22T06:55:06.362650Z"}
{"file": "C:\\KnoWiki\\.brain\\knowledge\\conventions\\conventions.md", "event": "artifact_builder.render", "level": "debug", "timestamp": "2026-06-22T06:55:06.363558Z"}
{"file": "C:\\KnoWiki\\.brain\\knowledge\\components\\components.md", "event": "artifact_builder.render", "level": "debug", "timestamp": "2026-06-22T06:55:06.364655Z"}
{"file": "C:\\KnoWiki\\.agent\\memory\\active_context.md", "event": "artifact_builder.render", "level": "debug", "timestamp": "2026-06-22T06:55:06.366787Z"}
{"file": "C:\\KnoWiki\\.agent\\skills\\system\\context_tracker.md", "event": "artifact_builder.render", "level": "debug", "timestamp": "2026-06-22T06:55:06.368444Z"}
{"file": "C:\\KnoWiki\\.brain\\knowledge\\raw\\README.md", "event": "artifact_builder.render", "level": "debug", "timestamp": "2026-06-22T06:55:06.370063Z"}
{"event": "artifact_builder.complete", "level": "info", "timestamp": "2026-06-22T06:55:06.370156Z"}
{"event": "engine.initialize.started", "level": "info", "timestamp": "2026-06-22T06:55:06.370653Z"}
{"repo_root": "C:\\KnoWiki", "event": "parser.started", "level": "info", "timestamp": "2026-06-22T06:55:06.370714Z"}
{"files_found": 58, "languages": {"PYTHON": 57, "JAVASCRIPT": 1}, "event": "parser.discovery_complete", "level": "info", "timestamp": "2026-06-22T06:55:06.379706Z"}
{"entities": 179, "relationships": 601, "resolved_calls": 235, "event": "parser.complete", "level": "info", "timestamp": "2026-06-22T06:55:06.570436Z"}
{"file": "C:\\KnoWiki\\.brain\\state.yaml", "structural_revision": "S-001", "event": "state_manager.initialized", "level": "info", "timestamp": "2026-06-22T06:55:06.582187Z"}
{"revision": "S-001", "event": "engine.initialize.complete", "level": "info", "timestamp": "2026-06-22T06:55:06.582272Z"}
{"file": "C:\\KnoWiki\\.brain\\state.yaml", "semantic_revision": "M-001", "event": "state_manager.semantic_bumped", "level": "info", "timestamp": "2026-06-22T06:55:10.163409Z"}
{"deleted_count": 1, "event": "semantic_sync.ingest_flushed", "level": "info", "timestamp": "2026-06-22T06:55:10.163671Z"}
